[debug] [2025-10-31T20:48:33.866Z] ----------------------------------------------------------------------
[debug] [2025-10-31T20:48:33.867Z] Command:       /nix/store/ws50yvm6vzlzf7jzz6n7xh4szddrack1-nodejs-20.19.1/bin/node /nix/store/f77kilzcw5hh2gidh22k6pj8cp7pxp7h-firebase-tools-14.22.0/lib/node_modules/firebase-tools/lib/bin/firebase.js init apphosting
[debug] [2025-10-31T20:48:33.868Z] CLI Version:   14.22.0
[debug] [2025-10-31T20:48:33.868Z] Platform:      linux
[debug] [2025-10-31T20:48:33.868Z] Node Version:  v20.19.1
[debug] [2025-10-31T20:48:33.868Z] Time:          Fri Oct 31 2025 20:48:33 GMT+0000 (Coordinated Universal Time)
[debug] [2025-10-31T20:48:33.868Z] ----------------------------------------------------------------------
[debug] 
[debug] [2025-10-31T20:48:34.081Z] Checked if tokens are valid: false, expires at: 1761943238074
[debug] [2025-10-31T20:48:34.081Z] Checked if tokens are valid: false, expires at: 1761943238074
[debug] [2025-10-31T20:48:34.081Z] > refreshing access token with scopes: []
[debug] [2025-10-31T20:48:34.083Z] >>> [apiv2][query] POST https://www.googleapis.com/oauth2/v3/token [none]
[debug] [2025-10-31T20:48:34.083Z] >>> [apiv2][body] POST https://www.googleapis.com/oauth2/v3/token [omitted]
[debug] [2025-10-31T20:48:34.159Z] <<< [apiv2][status] POST https://www.googleapis.com/oauth2/v3/token 200
[debug] [2025-10-31T20:48:34.159Z] <<< [apiv2][body] POST https://www.googleapis.com/oauth2/v3/token [omitted]
[debug] [2025-10-31T20:48:34.166Z] >>> [apiv2][query] GET https://monospace-pa.googleapis.com/v1/workspaces/main-25227546 [none]
[debug] [2025-10-31T20:48:34.898Z] <<< [apiv2][status] GET https://monospace-pa.googleapis.com/v1/workspaces/main-25227546 200
[debug] [2025-10-31T20:48:34.898Z] <<< [apiv2][body] GET https://monospace-pa.googleapis.com/v1/workspaces/main-25227546 {"workspaceId":"main-25227546","name":"main","workspaceRedirectUrl":"firebase-main-1761768499717.cluster-ikslh4rdsnbqsvu5nw3v4dqjj2.cloudworkstations.dev","status":"WORKSPACE_STATUS_RUNNING","lastAccessDatetime":"2025-10-31T17:16:34.409966Z","workspaceTemplate":"WORKSPACE_TEMPLATE_FLUTTER","owner":"SELF","serviceAccountEmail":"msp-8149485001260762671@monospace-per-ws-sa-2.iam.gserviceaccount.com","gitRepoUrl":"https://github.com/Riven91/BloodDiamondInk/tree/main","enableNix":true,"ownerEmail":"sebmazza1991@gmail.com","workstationAccessToken":"eyJhbGciOiJSUzI1NiIsInR5cCI6IkpXVCJ9.eyJpc3MiOiJodHRwczovL2Nsb3VkLmdvb2dsZS5jb20vd29ya3N0YXRpb25zIiwiYXVkIjoiZmlyZWJhc2UtbWFpbi0xNzYxNzY4NDk5NzE3LmNsdXN0ZXItaWtzbGg0cmRzbmJxc3Z1NW53M3Y0ZHFqajIuY2xvdWR3b3Jrc3RhdGlvbnMuZGV2IiwiaWF0IjoxNzYxOTQzNzE0LCJleHAiOjE3NjIwMzAxMTR9.CmBU7syu5rJTE3ML32Ux8n0e7aWdaaJzQMD-fUkIhXfcvj_dHRFrki3rWbH3F4vQ0x8K-XwlHZWIxgZohIJNbizjTC1iUZC56Y2UlFe5tOdLjiE9x5_SjnKb-aTLwbEJsJ6tWyFInHrlpNXvvs8FnGKKX3wnID6iSyCVqU09hfzo9PKAEXQW4W4nmHF8o9EsWKWWe3kBaJxckjpmKY6fblYYw9X4ebzmkHXT9tUbiO3pKuKSw8W9ZZUWkDZ67a921-EEbNkO6xbmMITSqJR5sCTKu4Lvynx1jlus10ICdbLHxlstmznRH4yhjD3IvXrlPxWdP4FgfPjf3YliGWbf7Q","firebaseProjectId":"blooddiamondink-79184164-7f1b7"}
[info] 
     ######## #### ########  ######## ########     ###     ######  ########
     ##        ##  ##     ## ##       ##     ##  ##   ##  ##       ##
     ######    ##  ########  ######   ########  #########  ######  ######
     ##        ##  ##    ##  ##       ##     ## ##     ##       ## ##
     ##       #### ##     ## ######## ########  ##     ##  ######  ########

You're about to initialize a Firebase project in this directory:

  /home/user/main/BloodDiamondInk

Before we get started, keep in mind:

  * You are initializing within an existing Firebase project directory

[info] 
=== Project Setup
[info] 
[info] First, let's associate this project directory with a Firebase project.
[info] You can create multiple project aliases by running firebase use --add, 
[info] 
[debug] [2025-10-31T20:48:34.901Z] > command requires scopes: ["email","openid","https://www.googleapis.com/auth/cloudplatformprojects.readonly","https://www.googleapis.com/auth/firebase","https://www.googleapis.com/auth/cloud-platform","https://www.googleapis.com/auth/userinfo.email"]
[debug] [2025-10-31T20:48:34.902Z] > authorizing via signed-in user (sebmazza1991@gmail.com)
[debug] [2025-10-31T20:48:34.902Z] Checked if tokens are valid: true, expires at: 1761947313159
[debug] [2025-10-31T20:48:34.902Z] Checked if tokens are valid: true, expires at: 1761947313159
[debug] [2025-10-31T20:48:34.902Z] >>> [apiv2][query] GET https://firebase.googleapis.com/v1beta1/projects/blooddiamondink-79184164-7f1b7 [none]
[debug] [2025-10-31T20:48:35.107Z] <<< [apiv2][status] GET https://firebase.googleapis.com/v1beta1/projects/blooddiamondink-79184164-7f1b7 200
[debug] [2025-10-31T20:48:35.107Z] <<< [apiv2][body] GET https://firebase.googleapis.com/v1beta1/projects/blooddiamondink-79184164-7f1b7 {"projectId":"blooddiamondink-79184164-7f1b7","projectNumber":"434975831399","displayName":"Firebase app","name":"projects/blooddiamondink-79184164-7f1b7","resources":{"hostingSite":"blooddiamondink-79184164-7f1b7"},"state":"ACTIVE","etag":"1_9123f307-1cf0-4be3-a000-e71eb746ff42"}
[info] i  Using project blooddiamondink-79184164-7f1b7 (Firebase app) . 
[info] 
=== App Hosting Setup
[debug] [2025-10-31T20:48:35.114Z] Checked if tokens are valid: true, expires at: 1761947313159
[debug] [2025-10-31T20:48:35.114Z] Checked if tokens are valid: true, expires at: 1761947313159
[debug] [2025-10-31T20:48:35.114Z] >>> [apiv2][query] GET https://cloudbilling.googleapis.com/v1/projects/blooddiamondink-79184164-7f1b7/billingInfo [none]
[debug] [2025-10-31T20:48:35.318Z] <<< [apiv2][status] GET https://cloudbilling.googleapis.com/v1/projects/blooddiamondink-79184164-7f1b7/billingInfo 200
[debug] [2025-10-31T20:48:35.318Z] <<< [apiv2][body] GET https://cloudbilling.googleapis.com/v1/projects/blooddiamondink-79184164-7f1b7/billingInfo {"name":"projects/blooddiamondink-79184164-7f1b7/billingInfo","projectId":"blooddiamondink-79184164-7f1b7","billingAccountName":"billingAccounts/01D565-785C53-87285D","billingEnabled":true}
[debug] [2025-10-31T20:48:35.319Z] Checked if tokens are valid: true, expires at: 1761947313159
[debug] [2025-10-31T20:48:35.319Z] Checked if tokens are valid: true, expires at: 1761947313159
[debug] [2025-10-31T20:48:35.319Z] >>> [apiv2][query] POST https://iam.googleapis.com/v1/projects/blooddiamondink-79184164-7f1b7/serviceAccounts/firebase-app-hosting-compute@blooddiamondink-79184164-7f1b7.iam.gserviceaccount.com:testIamPermissions [none]
[debug] [2025-10-31T20:48:35.319Z] >>> [apiv2][(partial)header] POST https://iam.googleapis.com/v1/projects/blooddiamondink-79184164-7f1b7/serviceAccounts/firebase-app-hosting-compute@blooddiamondink-79184164-7f1b7.iam.gserviceaccount.com:testIamPermissions x-goog-quota-user=projects/blooddiamondink-79184164-7f1b7
[debug] [2025-10-31T20:48:35.319Z] >>> [apiv2][body] POST https://iam.googleapis.com/v1/projects/blooddiamondink-79184164-7f1b7/serviceAccounts/firebase-app-hosting-compute@blooddiamondink-79184164-7f1b7.iam.gserviceaccount.com:testIamPermissions {"permissions":["iam.serviceAccounts.actAs"]}
[debug] [2025-10-31T20:48:35.914Z] <<< [apiv2][status] POST https://iam.googleapis.com/v1/projects/blooddiamondink-79184164-7f1b7/serviceAccounts/firebase-app-hosting-compute@blooddiamondink-79184164-7f1b7.iam.gserviceaccount.com:testIamPermissions 200
[debug] [2025-10-31T20:48:35.914Z] <<< [apiv2][body] POST https://iam.googleapis.com/v1/projects/blooddiamondink-79184164-7f1b7/serviceAccounts/firebase-app-hosting-compute@blooddiamondink-79184164-7f1b7.iam.gserviceaccount.com:testIamPermissions {"permissions":["iam.serviceAccounts.actAs"]}
[debug] [2025-10-31T20:48:35.914Z] Checked if tokens are valid: true, expires at: 1761947313159
[debug] [2025-10-31T20:48:35.914Z] Checked if tokens are valid: true, expires at: 1761947313159
[debug] [2025-10-31T20:48:35.915Z] >>> [apiv2][query] POST https://iam.googleapis.com/v1/projects/blooddiamondink-79184164-7f1b7/serviceAccounts [none]
[debug] [2025-10-31T20:48:35.915Z] >>> [apiv2][body] POST https://iam.googleapis.com/v1/projects/blooddiamondink-79184164-7f1b7/serviceAccounts {"accountId":"firebase-app-hosting-compute","serviceAccount":{"displayName":"Firebase App Hosting compute service account","description":"Default service account used to run builds and deploys for Firebase App Hosting"}}
[debug] [2025-10-31T20:48:36.283Z] <<< [apiv2][status] POST https://iam.googleapis.com/v1/projects/blooddiamondink-79184164-7f1b7/serviceAccounts 409
[debug] [2025-10-31T20:48:36.283Z] <<< [apiv2][body] POST https://iam.googleapis.com/v1/projects/blooddiamondink-79184164-7f1b7/serviceAccounts [omitted]
[debug] [2025-10-31T20:48:36.284Z] Checked if tokens are valid: true, expires at: 1761947313159
[debug] [2025-10-31T20:48:36.284Z] Checked if tokens are valid: true, expires at: 1761947313159
[debug] [2025-10-31T20:48:36.284Z] >>> [apiv2][query] POST https://cloudresourcemanager.googleapis.com/v1/projects/blooddiamondink-79184164-7f1b7:getIamPolicy [none]
[debug] [2025-10-31T20:48:36.999Z] <<< [apiv2][status] POST https://cloudresourcemanager.googleapis.com/v1/projects/blooddiamondink-79184164-7f1b7:getIamPolicy 200
[debug] [2025-10-31T20:48:36.999Z] <<< [apiv2][body] POST https://cloudresourcemanager.googleapis.com/v1/projects/blooddiamondink-79184164-7f1b7:getIamPolicy {"version":1,"etag":"BwZCYpf293Q=","bindings":[{"role":"roles/artifactregistry.serviceAgent","members":["serviceAccount:service-434975831399@gcp-sa-artifactregistry.iam.gserviceaccount.com"]},{"role":"roles/cloudaicompanion.serviceAgent","members":["serviceAccount:service-434975831399@gcp-sa-cloudaicompanion.iam.gserviceaccount.com"]},{"role":"roles/cloudbuild.builds.builder","members":["serviceAccount:434975831399@cloudbuild.gserviceaccount.com"]},{"role":"roles/cloudbuild.serviceAgent","members":["serviceAccount:service-434975831399@gcp-sa-cloudbuild.iam.gserviceaccount.com"]},{"role":"roles/cloudfunctions.serviceAgent","members":["serviceAccount:service-434975831399@gcf-admin-robot.iam.gserviceaccount.com"]},{"role":"roles/containerregistry.ServiceAgent","members":["serviceAccount:service-434975831399@containerregistry.iam.gserviceaccount.com"]},{"role":"roles/developerconnect.readTokenAccessor","members":["serviceAccount:firebase-app-hosting-compute@blooddiamondink-79184164-7f1b7.iam.gserviceaccount.com"]},{"role":"roles/developerconnect.serviceAgent","members":["serviceAccount:service-434975831399@gcp-sa-devconnect.iam.gserviceaccount.com"]},{"role":"roles/editor","members":["serviceAccount:434975831399-compute@developer.gserviceaccount.com","serviceAccount:434975831399@cloudservices.gserviceaccount.com","serviceAccount:blooddiamondink-79184164-7f1b7@appspot.gserviceaccount.com"]},{"role":"roles/firebase.managementServiceAgent","members":["serviceAccount:service-434975831399@gcp-sa-firebase.iam.gserviceaccount.com"]},{"role":"roles/firebase.sdkAdminServiceAgent","members":["serviceAccount:firebase-adminsdk-fbsvc@blooddiamondink-79184164-7f1b7.iam.gserviceaccount.com","serviceAccount:firebase-app-hosting-compute@blooddiamondink-79184164-7f1b7.iam.gserviceaccount.com"]},{"role":"roles/firebaseapphosting.computeRunner","members":["serviceAccount:firebase-app-hosting-compute@blooddiamondink-79184164-7f1b7.iam.gserviceaccount.com"]},{"role":"roles/firebaseapphosting.serviceAgent","members":["serviceAccount:service-434975831399@gcp-sa-firebaseapphosting.iam.gserviceaccount.com"]},{"role":"roles/firebasemods.serviceAgent","members":["serviceAccount:service-434975831399@gcp-sa-firebasemods.iam.gserviceaccount.com"]},{"role":"roles/iam.serviceAccountTokenCreator","members":["serviceAccount:firebase-adminsdk-fbsvc@blooddiamondink-79184164-7f1b7.iam.gserviceaccount.com"]},{"role":"roles/owner","members":["user:sebmazza1991@gmail.com"]},{"role":"roles/run.serviceAgent","members":["serviceAccount:service-434975831399@serverless-robot-prod.iam.gserviceaccount.com"]},{"role":"roles/secretmanager.admin","members":["serviceAccount:service-434975831399@gcp-sa-devconnect.iam.gserviceaccount.com"]},{"role":"roles/storage.objectViewer","members":["serviceAccount:firebase-app-hosting-compute@blooddiamondink-79184164-7f1b7.iam.gserviceaccount.com"]}]}
[debug] [2025-10-31T20:48:37.000Z] Checked if tokens are valid: true, expires at: 1761947313159
[debug] [2025-10-31T20:48:37.000Z] Checked if tokens are valid: true, expires at: 1761947313159
[debug] [2025-10-31T20:48:37.000Z] >>> [apiv2][query] POST https://cloudresourcemanager.googleapis.com/v1/projects/blooddiamondink-79184164-7f1b7:setIamPolicy [none]
[debug] [2025-10-31T20:48:37.000Z] >>> [apiv2][body] POST https://cloudresourcemanager.googleapis.com/v1/projects/blooddiamondink-79184164-7f1b7:setIamPolicy {"policy":{"version":1,"etag":"BwZCYpf293Q=","bindings":[{"role":"roles/artifactregistry.serviceAgent","members":["serviceAccount:service-434975831399@gcp-sa-artifactregistry.iam.gserviceaccount.com"]},{"role":"roles/cloudaicompanion.serviceAgent","members":["serviceAccount:service-434975831399@gcp-sa-cloudaicompanion.iam.gserviceaccount.com"]},{"role":"roles/cloudbuild.builds.builder","members":["serviceAccount:434975831399@cloudbuild.gserviceaccount.com"]},{"role":"roles/cloudbuild.serviceAgent","members":["serviceAccount:service-434975831399@gcp-sa-cloudbuild.iam.gserviceaccount.com"]},{"role":"roles/cloudfunctions.serviceAgent","members":["serviceAccount:service-434975831399@gcf-admin-robot.iam.gserviceaccount.com"]},{"role":"roles/containerregistry.ServiceAgent","members":["serviceAccount:service-434975831399@containerregistry.iam.gserviceaccount.com"]},{"role":"roles/developerconnect.readTokenAccessor","members":["serviceAccount:firebase-app-hosting-compute@blooddiamondink-79184164-7f1b7.iam.gserviceaccount.com"]},{"role":"roles/developerconnect.serviceAgent","members":["serviceAccount:service-434975831399@gcp-sa-devconnect.iam.gserviceaccount.com"]},{"role":"roles/editor","members":["serviceAccount:434975831399-compute@developer.gserviceaccount.com","serviceAccount:434975831399@cloudservices.gserviceaccount.com","serviceAccount:blooddiamondink-79184164-7f1b7@appspot.gserviceaccount.com"]},{"role":"roles/firebase.managementServiceAgent","members":["serviceAccount:service-434975831399@gcp-sa-firebase.iam.gserviceaccount.com"]},{"role":"roles/firebase.sdkAdminServiceAgent","members":["serviceAccount:firebase-adminsdk-fbsvc@blooddiamondink-79184164-7f1b7.iam.gserviceaccount.com","serviceAccount:firebase-app-hosting-compute@blooddiamondink-79184164-7f1b7.iam.gserviceaccount.com"]},{"role":"roles/firebaseapphosting.computeRunner","members":["serviceAccount:firebase-app-hosting-compute@blooddiamondink-79184164-7f1b7.iam.gserviceaccount.com"]},{"role":"roles/firebaseapphosting.serviceAgent","members":["serviceAccount:service-434975831399@gcp-sa-firebaseapphosting.iam.gserviceaccount.com"]},{"role":"roles/firebasemods.serviceAgent","members":["serviceAccount:service-434975831399@gcp-sa-firebasemods.iam.gserviceaccount.com"]},{"role":"roles/iam.serviceAccountTokenCreator","members":["serviceAccount:firebase-adminsdk-fbsvc@blooddiamondink-79184164-7f1b7.iam.gserviceaccount.com"]},{"role":"roles/owner","members":["user:sebmazza1991@gmail.com"]},{"role":"roles/run.serviceAgent","members":["serviceAccount:service-434975831399@serverless-robot-prod.iam.gserviceaccount.com"]},{"role":"roles/secretmanager.admin","members":["serviceAccount:service-434975831399@gcp-sa-devconnect.iam.gserviceaccount.com"]},{"role":"roles/storage.objectViewer","members":["serviceAccount:firebase-app-hosting-compute@blooddiamondink-79184164-7f1b7.iam.gserviceaccount.com"]}]},"updateMask":"bindings"}
[debug] [2025-10-31T20:48:38.103Z] <<< [apiv2][status] POST https://cloudresourcemanager.googleapis.com/v1/projects/blooddiamondink-79184164-7f1b7:setIamPolicy 200
[debug] [2025-10-31T20:48:38.103Z] <<< [apiv2][body] POST https://cloudresourcemanager.googleapis.com/v1/projects/blooddiamondink-79184164-7f1b7:setIamPolicy {"version":1,"etag":"BwZCen1tWxQ=","bindings":[{"role":"roles/artifactregistry.serviceAgent","members":["serviceAccount:service-434975831399@gcp-sa-artifactregistry.iam.gserviceaccount.com"]},{"role":"roles/cloudaicompanion.serviceAgent","members":["serviceAccount:service-434975831399@gcp-sa-cloudaicompanion.iam.gserviceaccount.com"]},{"role":"roles/cloudbuild.builds.builder","members":["serviceAccount:434975831399@cloudbuild.gserviceaccount.com"]},{"role":"roles/cloudbuild.serviceAgent","members":["serviceAccount:service-434975831399@gcp-sa-cloudbuild.iam.gserviceaccount.com"]},{"role":"roles/cloudfunctions.serviceAgent","members":["serviceAccount:service-434975831399@gcf-admin-robot.iam.gserviceaccount.com"]},{"role":"roles/containerregistry.ServiceAgent","members":["serviceAccount:service-434975831399@containerregistry.iam.gserviceaccount.com"]},{"role":"roles/developerconnect.readTokenAccessor","members":["serviceAccount:firebase-app-hosting-compute@blooddiamondink-79184164-7f1b7.iam.gserviceaccount.com"]},{"role":"roles/developerconnect.serviceAgent","members":["serviceAccount:service-434975831399@gcp-sa-devconnect.iam.gserviceaccount.com"]},{"role":"roles/editor","members":["serviceAccount:434975831399-compute@developer.gserviceaccount.com","serviceAccount:434975831399@cloudservices.gserviceaccount.com","serviceAccount:blooddiamondink-79184164-7f1b7@appspot.gserviceaccount.com"]},{"role":"roles/firebase.managementServiceAgent","members":["serviceAccount:service-434975831399@gcp-sa-firebase.iam.gserviceaccount.com"]},{"role":"roles/firebase.sdkAdminServiceAgent","members":["serviceAccount:firebase-adminsdk-fbsvc@blooddiamondink-79184164-7f1b7.iam.gserviceaccount.com","serviceAccount:firebase-app-hosting-compute@blooddiamondink-79184164-7f1b7.iam.gserviceaccount.com"]},{"role":"roles/firebaseapphosting.computeRunner","members":["serviceAccount:firebase-app-hosting-compute@blooddiamondink-79184164-7f1b7.iam.gserviceaccount.com"]},{"role":"roles/firebaseapphosting.serviceAgent","members":["serviceAccount:service-434975831399@gcp-sa-firebaseapphosting.iam.gserviceaccount.com"]},{"role":"roles/firebasemods.serviceAgent","members":["serviceAccount:service-434975831399@gcp-sa-firebasemods.iam.gserviceaccount.com"]},{"role":"roles/iam.serviceAccountTokenCreator","members":["serviceAccount:firebase-adminsdk-fbsvc@blooddiamondink-79184164-7f1b7.iam.gserviceaccount.com"]},{"role":"roles/owner","members":["user:sebmazza1991@gmail.com"]},{"role":"roles/run.serviceAgent","members":["serviceAccount:service-434975831399@serverless-robot-prod.iam.gserviceaccount.com"]},{"role":"roles/secretmanager.admin","members":["serviceAccount:service-434975831399@gcp-sa-devconnect.iam.gserviceaccount.com"]},{"role":"roles/storage.objectViewer","members":["serviceAccount:firebase-app-hosting-compute@blooddiamondink-79184164-7f1b7.iam.gserviceaccount.com"]}]}
[info] i  This command links your local project to Firebase App Hosting. You will be able to deploy your web app with `firebase deploy` after setup. 
[debug] [2025-10-31T20:48:42.390Z] Checked if tokens are valid: true, expires at: 1761947313159
[debug] [2025-10-31T20:48:42.391Z] Checked if tokens are valid: true, expires at: 1761947313159
[debug] [2025-10-31T20:48:42.391Z] >>> [apiv2][query] GET https://firebaseapphosting.googleapis.com/v1beta/projects/blooddiamondink-79184164-7f1b7/locations/-/backends 
[debug] [2025-10-31T20:48:43.254Z] <<< [apiv2][status] GET https://firebaseapphosting.googleapis.com/v1beta/projects/blooddiamondink-79184164-7f1b7/locations/-/backends 200
[debug] [2025-10-31T20:48:43.254Z] <<< [apiv2][body] GET https://firebaseapphosting.googleapis.com/v1beta/projects/blooddiamondink-79184164-7f1b7/locations/-/backends {}
